<?xml version="1.0" encoding="UTF-8"?>
<!-- Generated by org.testng.reporters.JUnitReportReporter -->
<testsuite hostname="sawood-PC" name="testcases.VerifyHomePagewithReport" tests="1" failures="0" timestamp="22 Jan 2017 13:14:52 GMT" time="14.529" errors="0">
  <testcase name="testapp" time="14.529" classname="testcases.VerifyHomePagewithReport"/>
</testsuite> <!-- testcases.VerifyHomePagewithReport -->
