<?xml version="1.0" encoding="UTF-8"?>
<!-- Generated by org.testng.reporters.JUnitReportReporter -->
<testsuite hostname="sawood-PC" name="testcases.VerifyPostLoginPage" tests="1" failures="0" timestamp="22 Jan 2017 12:29:49 GMT" time="14.326" errors="0">
  <testcase name="LoginAPP" time="14.326" classname="testcases.VerifyPostLoginPage"/>
</testsuite> <!-- testcases.VerifyPostLoginPage -->
